<?xml version="1.0" encoding="UTF-8"?>
<!-- Generated by org.testng.reporters.JUnitReportReporter -->
<testsuite skipped="0" hostname="L6QNY2H2" name="microservice.temenos.PaymentOrder" tests="1" failures="0" timestamp="2020-06-01T21:12:03 IST" time="6.717" errors="0">
  <testcase name="getAllPO" time="6.717" classname="microservice.temenos.PaymentOrder"/>
  <system-out/>
</testsuite> <!-- microservice.temenos.PaymentOrder -->
