<?xml version="1.0" encoding="UTF-8"?>
<!-- Generated by org.testng.reporters.JUnitReportReporter -->
<testsuite skipped="0" hostname="L6QNY2H2" name="chaining.DeleteJIRACreated" tests="1" failures="0" timestamp="2020-05-23T21:51:12 IST" time="0.589" errors="0">
  <testcase name="deleteIssue" time="0.589" classname="chaining.DeleteJIRACreated"/>
  <system-out/>
</testsuite> <!-- chaining.DeleteJIRACreated -->
