<?xml version="1.0" encoding="UTF-8"?>
<!-- Generated by org.testng.reporters.JUnitReportReporter -->
<testsuite skipped="0" hostname="L6QNY2H2" name="restassured.tests.CreateIncidentsUsingFiles" tests="3" failures="0" timestamp="2020-05-23T21:13:04 IST" time="16.298" errors="0">
  <testcase name="createNewIncidentFromDataProvider" time="3.497" classname="restassured.tests.CreateIncidentsUsingFiles"/>
  <system-out/>
  <testcase name="createNewIncidentFromDataProvider" time="3.624" classname="restassured.tests.CreateIncidentsUsingFiles"/>
  <system-out/>
  <testcase name="createNewIncident" time="9.177" classname="restassured.tests.CreateIncidentsUsingFiles"/>
  <system-out/>
</testsuite> <!-- restassured.tests.CreateIncidentsUsingFiles -->
